<?xml version="1.0" encoding="UTF-8"?>
<!-- Generated by org.testng.reporters.JUnitXMLReporter -->
<testsuite hostname="Arunsobh" ignored="4" name="Default test" tests="1" failures="0" timestamp="2022-12-18T18:05:24 IST" time="0.075" errors="0">
  <testcase name="@BeforeMethod FirstCall" time="-1.671366924412E9" classname="Com.Restaurant.Baseclass.BaseClass">
    <failure type="org.testng.TestNGException" message="
Parameter &amp;apos;Browser&amp;apos; is required by BeforeMethod on method FirstCall but has not been marked @Optional or defined
in C:\Users\Arun\AppData\Local\Temp\testng-eclipse-1382861260\testng-customsuite.xml">
      <![CDATA[org.testng.TestNGException: 
Parameter 'Browser' is required by BeforeMethod on method FirstCall but has not been marked @Optional or defined
in C:\Users\Arun\AppData\Local\Temp\testng-eclipse-1382861260\testng-customsuite.xml
at org.testng.internal.Parameters.createParams(Parameters.java:270)
at org.testng.internal.Parameters.createParametersForMethod(Parameters.java:358)
at org.testng.internal.Parameters.createParameters(Parameters.java:700)
at org.testng.internal.Parameters.createConfigurationParameters(Parameters.java:168)
at org.testng.internal.ConfigInvoker.invokeConfigurations(ConfigInvoker.java:302)
at org.testng.internal.TestInvoker.runConfigMethods(TestInvoker.java:700)
at org.testng.internal.TestInvoker.invokeMethod(TestInvoker.java:527)
at org.testng.internal.TestInvoker.invokeTestMethod(TestInvoker.java:173)
at org.testng.internal.MethodRunner.runInSequence(MethodRunner.java:46)
at org.testng.internal.TestInvoker$MethodInvocationAgent.invoke(TestInvoker.java:824)
at org.testng.internal.TestInvoker.invokeTestMethods(TestInvoker.java:146)
at org.testng.internal.TestMethodWorker.invokeTestMethods(TestMethodWorker.java:146)
at org.testng.internal.TestMethodWorker.run(TestMethodWorker.java:128)
at java.util.ArrayList.forEach(Unknown Source)
at org.testng.TestRunner.privateRun(TestRunner.java:794)
at org.testng.TestRunner.run(TestRunner.java:596)
at org.testng.SuiteRunner.runTest(SuiteRunner.java:377)
at org.testng.SuiteRunner.runSequentially(SuiteRunner.java:371)
at org.testng.SuiteRunner.privateRun(SuiteRunner.java:332)
at org.testng.SuiteRunner.run(SuiteRunner.java:276)
at org.testng.SuiteRunnerWorker.runSuite(SuiteRunnerWorker.java:53)
at org.testng.SuiteRunnerWorker.run(SuiteRunnerWorker.java:96)
at org.testng.TestNG.runSuitesSequentially(TestNG.java:1212)
at org.testng.TestNG.runSuitesLocally(TestNG.java:1134)
at org.testng.TestNG.runSuites(TestNG.java:1063)
at org.testng.TestNG.run(TestNG.java:1031)
at org.testng.remote.AbstractRemoteTestNG.run(AbstractRemoteTestNG.java:115)
at org.testng.remote.RemoteTestNG.initAndRun(RemoteTestNG.java:251)
at org.testng.remote.RemoteTestNG.main(RemoteTestNG.java:77)
]]>
    </failure>
  </testcase> <!-- @BeforeMethod FirstCall -->
  <testcase name="@AfterMethod DriverClose" time="-1.671366924433E9" classname="Com.Restaurant.Baseclass.BaseClass">
    <skipped/>
  </testcase> <!-- @AfterMethod DriverClose -->
  <testcase name="selectNextPage" time="0.0" classname="com.Restaurant.TestCases.VerifyProductPage">
    <skipped/>
  </testcase> <!-- selectNextPage -->
  <testcase name="VerifyProduct" time="0.0" classname="com.Restaurant.TestCases.VerifyProductPage">
    <ignored/>
  </testcase> <!-- VerifyProduct -->
  <testcase name="VerifySelectEachElements" time="0.0" classname="com.Restaurant.TestCases.VerifyProductPage">
    <ignored/>
  </testcase> <!-- VerifySelectEachElements -->
  <testcase name="selectSupplier" time="0.0" classname="com.Restaurant.TestCases.VerifyProductPage">
    <ignored/>
  </testcase> <!-- selectSupplier -->
  <testcase name="addProduct" time="0.0" classname="com.Restaurant.TestCases.VerifyProductPage">
    <ignored/>
  </testcase> <!-- addProduct -->
</testsuite> <!-- Default test -->
