<?xml version="1.0" encoding="UTF-8"?>
<!-- Generated by org.testng.reporters.JUnitXMLReporter -->
<testsuite hostname="Arunsobh" ignored="18" name="Test" tests="32" failures="4" timestamp="2022-12-25T20:49:27 IST" time="743.857" errors="0">
  <testcase name="VerifyPeople" time="6.124" classname="com.Restaurant.TestCases.VerifyPeopleTest"/>
  <testcase name="AddWaiters" time="10.612" classname="com.Restaurant.TestCases.VerifyPeopleTest"/>
  <testcase name="SearchWaiters" time="6.701" classname="com.Restaurant.TestCases.VerifyPeopleTest"/>
  <testcase name="DeleteWaiters" time="11.91" classname="com.Restaurant.TestCases.VerifyPeopleTest"/>
  <testcase name="AddCustomers" time="11.485" classname="com.Restaurant.TestCases.VerifyPeopleTest"/>
  <testcase name="SearchCustomers" time="7.742" classname="com.Restaurant.TestCases.VerifyPeopleTest"/>
  <testcase name="DeleteCustomers" time="10.58" classname="com.Restaurant.TestCases.VerifyPeopleTest"/>
  <testcase name="AddSupplier" time="11.009" classname="com.Restaurant.TestCases.VerifyPeopleTest"/>
  <testcase name="SearchSuppliers" time="13.494" classname="com.Restaurant.TestCases.VerifyPeopleTest"/>
  <testcase name="DeleteSuppliers" time="12.699" classname="com.Restaurant.TestCases.VerifyPeopleTest"/>
  <testcase name="VerifyProduct" time="16.416" classname="com.Restaurant.TestCases.VerifyProductPageTest"/>
  <testcase name="VerifySelectEachElements" time="20.346" classname="com.Restaurant.TestCases.VerifyProductPageTest"/>
  <testcase name="selectSupplier" time="35.587" classname="com.Restaurant.TestCases.VerifyProductPageTest"/>
  <testcase name="addProduct" time="28.527" classname="com.Restaurant.TestCases.VerifyProductPageTest">
    <failure type="java.lang.AssertionError" message="Search element not found expected [true] but found [false]">
      <![CDATA[java.lang.AssertionError: Search element not found expected [true] but found [false]
at com.Restaurant.TestCases.VerifyProductPageTest.addProduct(VerifyProductPageTest.java:57)
at java.util.ArrayList.forEach(Unknown Source)
... Removed 30 stack frames]]>
    </failure>
  </testcase> <!-- addProduct -->
  <testcase name="EditProduct" time="46.48" classname="com.Restaurant.TestCases.VerifyProductPageTest"/>
  <testcase name="deleteProduct" time="32.341" classname="com.Restaurant.TestCases.VerifyProductPageTest"/>
  <testcase name="VerifyCategories" time="5.736" classname="com.Restaurant.TestCases.VerifyCategoriesTest">
    <failure type="org.openqa.selenium.InvalidSelectorException" message="invalid selector: Unable to locate an element with the xpath expression (//span[contains(text(),&amp;apos;Expense&amp;apos;)] because of the following error:
SyntaxError: Failed to execute &amp;apos;evaluate&amp;apos; on &amp;apos;Document&amp;apos;: The string &amp;apos;(//span[contains(text(),&amp;apos;Expense&amp;apos;)]&amp;apos; is not a valid XPath expression.
  (Session info: chrome=108.0.5359.125)
For documentation on this error, please visit: https://selenium.dev/exceptions/#invalid_selector_exception
Build info: version: &amp;apos;4.5.3&amp;apos;, revision: &amp;apos;4b786a1e430&amp;apos;
System info: os.name: &amp;apos;Windows 10&amp;apos;, os.arch: &amp;apos;amd64&amp;apos;, os.version: &amp;apos;10.0&amp;apos;, java.version: &amp;apos;1.8.0_351&amp;apos;
Driver info: org.openqa.selenium.chrome.ChromeDriver
Command: [309777c351f07040dcb45298695b1d9a, findElement {using=xpath, value=(//span[contains(text(),&amp;apos;Expense&amp;apos;)]}]
Capabilities {acceptInsecureCerts: false, browserName: chrome, browserVersion: 108.0.5359.125, chrome: {chromedriverVersion: 108.0.5359.71 (1e0e3868ee06..., userDataDir: C:\Users\Arun\AppData\Local...}, goog:chromeOptions: {debuggerAddress: localhost:59479}, networkConnectionEnabled: false, pageLoadStrategy: normal, platformName: WINDOWS, proxy: Proxy(), se:cdp: ws://localhost:59479/devtoo..., se:cdpVersion: 108.0.5359.125, setWindowRect: true, strictFileInteractability: false, timeouts: {implicit: 0, pageLoad: 300000, script: 30000}, unhandledPromptBehavior: dismiss and notify, webauthn:extension:credBlob: true, webauthn:extension:largeBlob: true, webauthn:virtualAuthenticators: true}
Session ID: 309777c351f07040dcb45298695b1d9a">
      <![CDATA[org.openqa.selenium.InvalidSelectorException: invalid selector: Unable to locate an element with the xpath expression (//span[contains(text(),'Expense')] because of the following error:
SyntaxError: Failed to execute 'evaluate' on 'Document': The string '(//span[contains(text(),'Expense')]' is not a valid XPath expression.
  (Session info: chrome=108.0.5359.125)
For documentation on this error, please visit: https://selenium.dev/exceptions/#invalid_selector_exception
Build info: version: '4.5.3', revision: '4b786a1e430'
System info: os.name: 'Windows 10', os.arch: 'amd64', os.version: '10.0', java.version: '1.8.0_351'
Driver info: org.openqa.selenium.chrome.ChromeDriver
Command: [309777c351f07040dcb45298695b1d9a, findElement {using=xpath, value=(//span[contains(text(),'Expense')]}]
Capabilities {acceptInsecureCerts: false, browserName: chrome, browserVersion: 108.0.5359.125, chrome: {chromedriverVersion: 108.0.5359.71 (1e0e3868ee06..., userDataDir: C:\Users\Arun\AppData\Local...}, goog:chromeOptions: {debuggerAddress: localhost:59479}, networkConnectionEnabled: false, pageLoadStrategy: normal, platformName: WINDOWS, proxy: Proxy(), se:cdp: ws://localhost:59479/devtoo..., se:cdpVersion: 108.0.5359.125, setWindowRect: true, strictFileInteractability: false, timeouts: {implicit: 0, pageLoad: 300000, script: 30000}, unhandledPromptBehavior: dismiss and notify, webauthn:extension:credBlob: true, webauthn:extension:largeBlob: true, webauthn:virtualAuthenticators: true}
Session ID: 309777c351f07040dcb45298695b1d9a
at org.openqa.selenium.remote.codec.w3c.W3CHttpResponseCodec.createException(W3CHttpResponseCodec.java:200)
at org.openqa.selenium.remote.codec.w3c.W3CHttpResponseCodec.decode(W3CHttpResponseCodec.java:133)
at org.openqa.selenium.remote.codec.w3c.W3CHttpResponseCodec.decode(W3CHttpResponseCodec.java:53)
at org.openqa.selenium.remote.HttpCommandExecutor.execute(HttpCommandExecutor.java:184)
at org.openqa.selenium.remote.service.DriverCommandExecutor.invokeExecute(DriverCommandExecutor.java:167)
at org.openqa.selenium.remote.service.DriverCommandExecutor.execute(DriverCommandExecutor.java:142)
at org.openqa.selenium.remote.RemoteWebDriver.execute(RemoteWebDriver.java:541)
at org.openqa.selenium.remote.ElementLocation$ElementFinder$2.findElement(ElementLocation.java:162)
at org.openqa.selenium.remote.ElementLocation.findElement(ElementLocation.java:60)
at org.openqa.selenium.remote.RemoteWebDriver.findElement(RemoteWebDriver.java:365)
at org.openqa.selenium.remote.RemoteWebDriver.findElement(RemoteWebDriver.java:357)
at org.openqa.selenium.support.pagefactory.DefaultElementLocator.findElement(DefaultElementLocator.java:70)
at org.openqa.selenium.support.pagefactory.internal.LocatingElementHandler.invoke(LocatingElementHandler.java:39)
at com.sun.proxy.$Proxy19.isDisplayed(Unknown Source)
at Com.Restaurant.PageObject.CategoriesPage.ExpensDisplayed(CategoriesPage.java:46)
at com.Restaurant.TestCases.VerifyCategoriesTest.VerifyCategories(VerifyCategoriesTest.java:21)
at java.util.ArrayList.forEach(Unknown Source)
... Removed 31 stack frames]]>
    </failure>
  </testcase> <!-- VerifyCategories -->
  <testcase name="SelectPortuguese" time="12.578" classname="com.Restaurant.TestCases.VerifyEachLanguageTest"/>
  <testcase name="SelectFrance" time="14.017" classname="com.Restaurant.TestCases.VerifyEachLanguageTest"/>
  <testcase name="addStores" time="15.254" classname="com.Restaurant.TestCases.VerifyStoresTest"/>
  <testcase name="EditStores" time="13.341" classname="com.Restaurant.TestCases.VerifyStoresTest"/>
  <testcase name="DeleteStores" time="15.523" classname="com.Restaurant.TestCases.VerifyStoresTest"/>
  <testcase name="VerifyReportPage" time="9.559" classname="com.Restaurant.TestCases.VeriyReportPageTest"/>
  <testcase name="VerifyReportPageClientStat" time="11.095" classname="com.Restaurant.TestCases.VeriyReportPageTest"/>
  <testcase name="VerifyReportProductStat" time="10.723" classname="com.Restaurant.TestCases.VeriyReportPageTest"/>
  <testcase name="VerifyReportStoreStat" time="10.93" classname="com.Restaurant.TestCases.VeriyReportPageTest"/>
  <testcase name="ClickOnPreviousYear" time="9.123" classname="com.Restaurant.TestCases.VeriyReportPageTest">
    <failure type="java.lang.AssertionError" message="Not ClickOnPreviousYear expected [true] but found [false]">
      <![CDATA[java.lang.AssertionError: Not ClickOnPreviousYear expected [true] but found [false]
at com.Restaurant.TestCases.VeriyReportPageTest.ClickOnPreviousYear(VeriyReportPageTest.java:57)
at java.util.ArrayList.forEach(Unknown Source)
... Removed 30 stack frames]]>
    </failure>
  </testcase> <!-- ClickOnPreviousYear -->
  <testcase name="ClickOnNextYear" time="9.942" classname="com.Restaurant.TestCases.VeriyReportPageTest">
    <failure type="java.lang.AssertionError" message="Not ClickOnNextYear expected [true] but found [false]">
      <![CDATA[java.lang.AssertionError: Not ClickOnNextYear expected [true] but found [false]
at com.Restaurant.TestCases.VeriyReportPageTest.ClickOnNextYear(VeriyReportPageTest.java:66)
at java.util.ArrayList.forEach(Unknown Source)
... Removed 30 stack frames]]>
    </failure>
  </testcase> <!-- ClickOnNextYear -->
  <testcase name="VerifyUserLogin" time="6.368" classname="com.Restaurant.TestCases.VerifyValidUserLoginTest"/>
  <testcase name="VerifyInvalidUserLogin" time="0.721" classname="com.Restaurant.TestCases.VerifyValidUserLoginTest"/>
  <testcase name="VerifyInvalidUserLogin" time="0.755" classname="com.Restaurant.TestCases.VerifyValidUserLoginTest"/>
  <testcase name="VerifyInvalidUserLogin" time="0.917" classname="com.Restaurant.TestCases.VerifyValidUserLoginTest"/>
  <testcase name="@AfterSuite AfterSuit" time="0.0" classname="Com.Restaurant.Baseclass.BaseClass">
    <ignored/>
  </testcase> <!-- @AfterSuite AfterSuit -->
  <testcase name="@AfterSuite AfterSuit" time="0.0" classname="Com.Restaurant.Baseclass.BaseClass">
    <ignored/>
  </testcase> <!-- @AfterSuite AfterSuit -->
  <testcase name="@AfterSuite AfterSuit" time="0.0" classname="Com.Restaurant.Baseclass.BaseClass">
    <ignored/>
  </testcase> <!-- @AfterSuite AfterSuit -->
  <testcase name="@AfterSuite AfterSuit" time="0.0" classname="Com.Restaurant.Baseclass.BaseClass">
    <ignored/>
  </testcase> <!-- @AfterSuite AfterSuit -->
  <testcase name="@AfterSuite AfterSuit" time="0.0" classname="Com.Restaurant.Baseclass.BaseClass">
    <ignored/>
  </testcase> <!-- @AfterSuite AfterSuit -->
  <testcase name="@AfterSuite AfterSuit" time="0.0" classname="Com.Restaurant.Baseclass.BaseClass">
    <ignored/>
  </testcase> <!-- @AfterSuite AfterSuit -->
  <testcase name="@BeforeSuite beoreSuite" time="0.0" classname="Com.Restaurant.Baseclass.BaseClass">
    <ignored/>
  </testcase> <!-- @BeforeSuite beoreSuite -->
  <testcase name="@BeforeSuite beoreSuite" time="0.0" classname="Com.Restaurant.Baseclass.BaseClass">
    <ignored/>
  </testcase> <!-- @BeforeSuite beoreSuite -->
  <testcase name="@BeforeSuite beoreSuite" time="0.0" classname="Com.Restaurant.Baseclass.BaseClass">
    <ignored/>
  </testcase> <!-- @BeforeSuite beoreSuite -->
  <testcase name="@BeforeSuite beoreSuite" time="0.0" classname="Com.Restaurant.Baseclass.BaseClass">
    <ignored/>
  </testcase> <!-- @BeforeSuite beoreSuite -->
  <testcase name="@BeforeSuite beoreSuite" time="0.0" classname="Com.Restaurant.Baseclass.BaseClass">
    <ignored/>
  </testcase> <!-- @BeforeSuite beoreSuite -->
  <testcase name="@BeforeSuite beoreSuite" time="0.0" classname="Com.Restaurant.Baseclass.BaseClass">
    <ignored/>
  </testcase> <!-- @BeforeSuite beoreSuite -->
  <testcase name="@BeforeTest loadConfig" time="0.0" classname="Com.Restaurant.Baseclass.BaseClass">
    <ignored/>
  </testcase> <!-- @BeforeTest loadConfig -->
  <testcase name="@BeforeTest loadConfig" time="0.0" classname="Com.Restaurant.Baseclass.BaseClass">
    <ignored/>
  </testcase> <!-- @BeforeTest loadConfig -->
  <testcase name="@BeforeTest loadConfig" time="0.0" classname="Com.Restaurant.Baseclass.BaseClass">
    <ignored/>
  </testcase> <!-- @BeforeTest loadConfig -->
  <testcase name="@BeforeTest loadConfig" time="0.0" classname="Com.Restaurant.Baseclass.BaseClass">
    <ignored/>
  </testcase> <!-- @BeforeTest loadConfig -->
  <testcase name="@BeforeTest loadConfig" time="0.0" classname="Com.Restaurant.Baseclass.BaseClass">
    <ignored/>
  </testcase> <!-- @BeforeTest loadConfig -->
  <testcase name="@BeforeTest loadConfig" time="0.0" classname="Com.Restaurant.Baseclass.BaseClass">
    <ignored/>
  </testcase> <!-- @BeforeTest loadConfig -->
</testsuite> <!-- Test -->
