<html>
<head>
<title>TestNG:  Test</title>
<link href="../testng.css" rel="stylesheet" type="text/css" />
<link href="../my-testng.css" rel="stylesheet" type="text/css" />

<style type="text/css">
.log { display: none;} 
.stack-trace { display: none;} 
</style>
<script type="text/javascript">
<!--
function flip(e) {
  current = e.style.display;
  if (current == 'block') {
    e.style.display = 'none';
    return 0;
  }
  else {
    e.style.display = 'block';
    return 1;
  }
}

function toggleBox(szDivId, elem, msg1, msg2)
{
  var res = -1;  if (document.getElementById) {
    res = flip(document.getElementById(szDivId));
  }
  else if (document.all) {
    // this is the way old msie versions work
    res = flip(document.all[szDivId]);
  }
  if(elem) {
    if(res == 0) elem.innerHTML = msg1; else elem.innerHTML = msg2;
  }

}

function toggleAllBoxes() {
  if (document.getElementsByTagName) {
    d = document.getElementsByTagName('div');
    for (i = 0; i < d.length; i++) {
      if (d[i].className == 'log') {
        flip(d[i]);
      }
    }
  }
}

// -->
</script>

</head>
<body>
<h2 align='center'>Test</h2><table border='1' align="center">
<tr>
<td>Tests passed/Failed/Skipped:</td><td>28/4/0</td>
</tr><tr>
<td>Started on:</td><td>Sun Dec 25 20:37:03 IST 2022</td>
</tr>
<tr><td>Total time:</td><td>743 seconds (743857 ms)</td>
</tr><tr>
<td>Included groups:</td><td></td>
</tr><tr>
<td>Excluded groups:</td><td></td>
</tr>
</table><p/>
<small><i>(Hover the method name to see the test class name)</i></small><p/>
<table width='100%' border='1' class='invocation-failed'>
<tr><td colspan='4' align='center'><b>FAILED TESTS</b></td></tr>
<tr><td><b>Test method</b></td>
<td width="30%"><b>Exception</b></td>
<td width="10%"><b>Time (seconds)</b></td>
<td><b>Instance</b></td>
</tr>
<tr>
<td title='com.Restaurant.TestCases.VeriyReportPageTest.ClickOnPreviousYear()'><b>ClickOnPreviousYear</b><br>Test class: com.Restaurant.TestCases.VeriyReportPageTest</td>
<td><div><pre>java.lang.AssertionError: Not ClickOnPreviousYear expected [true] but found [false]
	at com.Restaurant.TestCases.VeriyReportPageTest.ClickOnPreviousYear(VeriyReportPageTest.java:57)
	at java.util.ArrayList.forEach(Unknown Source)
... Removed 30 stack frames</pre></div><a href='#' onClick='toggleBox("stack-trace1305643394", this, "Click to show all stack frames", "Click to hide stack frames")'>Click to show all stack frames</a>
<div class='stack-trace' id='stack-trace1305643394'><pre>java.lang.AssertionError: Not ClickOnPreviousYear expected [true] but found [false]
	at org.testng.Assert.fail(Assert.java:99)
	at org.testng.Assert.failNotEquals(Assert.java:1037)
	at org.testng.Assert.assertTrue(Assert.java:45)
	at com.Restaurant.TestCases.VeriyReportPageTest.ClickOnPreviousYear(VeriyReportPageTest.java:57)
	at sun.reflect.NativeMethodAccessorImpl.invoke0(Native Method)
	at sun.reflect.NativeMethodAccessorImpl.invoke(Unknown Source)
	at sun.reflect.DelegatingMethodAccessorImpl.invoke(Unknown Source)
	at java.lang.reflect.Method.invoke(Unknown Source)
	at org.testng.internal.MethodInvocationHelper.invokeMethod(MethodInvocationHelper.java:133)
	at org.testng.internal.TestInvoker.invokeMethod(TestInvoker.java:598)
	at org.testng.internal.TestInvoker.invokeTestMethod(TestInvoker.java:173)
	at org.testng.internal.MethodRunner.runInSequence(MethodRunner.java:46)
	at org.testng.internal.TestInvoker$MethodInvocationAgent.invoke(TestInvoker.java:824)
	at org.testng.internal.TestInvoker.invokeTestMethods(TestInvoker.java:146)
	at org.testng.internal.TestMethodWorker.invokeTestMethods(TestMethodWorker.java:146)
	at org.testng.internal.TestMethodWorker.run(TestMethodWorker.java:128)
	at java.util.ArrayList.forEach(Unknown Source)
	at org.testng.TestRunner.privateRun(TestRunner.java:794)
	at org.testng.TestRunner.run(TestRunner.java:596)
	at org.testng.SuiteRunner.runTest(SuiteRunner.java:377)
	at org.testng.SuiteRunner.runSequentially(SuiteRunner.java:371)
	at org.testng.SuiteRunner.privateRun(SuiteRunner.java:332)
	at org.testng.SuiteRunner.run(SuiteRunner.java:276)
	at org.testng.SuiteRunnerWorker.runSuite(SuiteRunnerWorker.java:53)
	at org.testng.SuiteRunnerWorker.run(SuiteRunnerWorker.java:96)
	at org.testng.TestNG.runSuitesSequentially(TestNG.java:1212)
	at org.testng.TestNG.runSuitesLocally(TestNG.java:1134)
	at org.testng.TestNG.runSuites(TestNG.java:1063)
	at org.testng.TestNG.run(TestNG.java:1031)
	at org.testng.remote.AbstractRemoteTestNG.run(AbstractRemoteTestNG.java:115)
	at org.testng.remote.RemoteTestNG.initAndRun(RemoteTestNG.java:251)
	at org.testng.remote.RemoteTestNG.main(RemoteTestNG.java:77)
</pre></div></td>
<td>9</td>
<td>com.Restaurant.TestCases.VeriyReportPageTest@6483f5ae</td></tr>
<tr>
<td title='com.Restaurant.TestCases.VerifyCategoriesTest.VerifyCategories()'><b>VerifyCategories</b><br>Test class: com.Restaurant.TestCases.VerifyCategoriesTest</td>
<td><div><pre>org.openqa.selenium.InvalidSelectorException: invalid selector: Unable to locate an element with the xpath expression (//span[contains(text(),&apos;Expense&apos;)] because of the following error:
SyntaxError: Failed to execute &apos;evaluate&apos; on &apos;Document&apos;: The string &apos;(//span[contains(text(),&apos;Expense&apos;)]&apos; is not a valid XPath expression.
  (Session info: chrome=108.0.5359.125)
For documentation on this error, please visit: https://selenium.dev/exceptions/#invalid_selector_exception
Build info: version: &apos;4.5.3&apos;, revision: &apos;4b786a1e430&apos;
System info: os.name: &apos;Windows 10&apos;, os.arch: &apos;amd64&apos;, os.version: &apos;10.0&apos;, java.version: &apos;1.8.0_351&apos;
Driver info: org.openqa.selenium.chrome.ChromeDriver
Command: [309777c351f07040dcb45298695b1d9a, findElement {using=xpath, value=(//span[contains(text(),&apos;Expense&apos;)]}]
Capabilities {acceptInsecureCerts: false, browserName: chrome, browserVersion: 108.0.5359.125, chrome: {chromedriverVersion: 108.0.5359.71 (1e0e3868ee06..., userDataDir: C:\Users\Arun\AppData\Local...}, goog:chromeOptions: {debuggerAddress: localhost:59479}, networkConnectionEnabled: false, pageLoadStrategy: normal, platformName: WINDOWS, proxy: Proxy(), se:cdp: ws://localhost:59479/devtoo..., se:cdpVersion: 108.0.5359.125, setWindowRect: true, strictFileInteractability: false, timeouts: {implicit: 0, pageLoad: 300000, script: 30000}, unhandledPromptBehavior: dismiss and notify, webauthn:extension:credBlob: true, webauthn:extension:largeBlob: true, webauthn:virtualAuthenticators: true}
Session ID: 309777c351f07040dcb45298695b1d9a
	at org.openqa.selenium.remote.codec.w3c.W3CHttpResponseCodec.createException(W3CHttpResponseCodec.java:200)
	at org.openqa.selenium.remote.codec.w3c.W3CHttpResponseCodec.decode(W3CHttpResponseCodec.java:133)
	at org.openqa.selenium.remote.codec.w3c.W3CHttpResponseCodec.decode(W3CHttpResponseCodec.java:53)
	at org.openqa.selenium.remote.HttpCommandExecutor.execute(HttpCommandExecutor.java:184)
	at org.openqa.selenium.remote.service.DriverCommandExecutor.invokeExecute(DriverCommandExecutor.java:167)
	at org.openqa.selenium.remote.service.DriverCommandExecutor.execute(DriverCommandExecutor.java:142)
	at org.openqa.selenium.remote.RemoteWebDriver.execute(RemoteWebDriver.java:541)
	at org.openqa.selenium.remote.ElementLocation$ElementFinder$2.findElement(ElementLocation.java:162)
	at org.openqa.selenium.remote.ElementLocation.findElement(ElementLocation.java:60)
	at org.openqa.selenium.remote.RemoteWebDriver.findElement(RemoteWebDriver.java:365)
	at org.openqa.selenium.remote.RemoteWebDriver.findElement(RemoteWebDriver.java:357)
	at org.openqa.selenium.support.pagefactory.DefaultElementLocator.findElement(DefaultElementLocator.java:70)
	at org.openqa.selenium.support.pagefactory.internal.LocatingElementHandler.invoke(LocatingElementHandler.java:39)
	at com.sun.proxy.$Proxy19.isDisplayed(Unknown Source)
	at Com.Restaurant.PageObject.CategoriesPage.ExpensDisplayed(CategoriesPage.java:46)
	at com.Restaurant.TestCases.VerifyCategoriesTest.VerifyCategories(VerifyCategoriesTest.java:21)
	at java.util.ArrayList.forEach(Unknown Source)
... Removed 31 stack frames</pre></div><a href='#' onClick='toggleBox("stack-trace287560801", this, "Click to show all stack frames", "Click to hide stack frames")'>Click to show all stack frames</a>
<div class='stack-trace' id='stack-trace287560801'><pre>org.openqa.selenium.InvalidSelectorException: invalid selector: Unable to locate an element with the xpath expression (//span[contains(text(),&apos;Expense&apos;)] because of the following error:
SyntaxError: Failed to execute &apos;evaluate&apos; on &apos;Document&apos;: The string &apos;(//span[contains(text(),&apos;Expense&apos;)]&apos; is not a valid XPath expression.
  (Session info: chrome=108.0.5359.125)
For documentation on this error, please visit: https://selenium.dev/exceptions/#invalid_selector_exception
Build info: version: &apos;4.5.3&apos;, revision: &apos;4b786a1e430&apos;
System info: os.name: &apos;Windows 10&apos;, os.arch: &apos;amd64&apos;, os.version: &apos;10.0&apos;, java.version: &apos;1.8.0_351&apos;
Driver info: org.openqa.selenium.chrome.ChromeDriver
Command: [309777c351f07040dcb45298695b1d9a, findElement {using=xpath, value=(//span[contains(text(),&apos;Expense&apos;)]}]
Capabilities {acceptInsecureCerts: false, browserName: chrome, browserVersion: 108.0.5359.125, chrome: {chromedriverVersion: 108.0.5359.71 (1e0e3868ee06..., userDataDir: C:\Users\Arun\AppData\Local...}, goog:chromeOptions: {debuggerAddress: localhost:59479}, networkConnectionEnabled: false, pageLoadStrategy: normal, platformName: WINDOWS, proxy: Proxy(), se:cdp: ws://localhost:59479/devtoo..., se:cdpVersion: 108.0.5359.125, setWindowRect: true, strictFileInteractability: false, timeouts: {implicit: 0, pageLoad: 300000, script: 30000}, unhandledPromptBehavior: dismiss and notify, webauthn:extension:credBlob: true, webauthn:extension:largeBlob: true, webauthn:virtualAuthenticators: true}
Session ID: 309777c351f07040dcb45298695b1d9a
	at sun.reflect.NativeConstructorAccessorImpl.newInstance0(Native Method)
	at sun.reflect.NativeConstructorAccessorImpl.newInstance(Unknown Source)
	at sun.reflect.DelegatingConstructorAccessorImpl.newInstance(Unknown Source)
	at java.lang.reflect.Constructor.newInstance(Unknown Source)
	at org.openqa.selenium.remote.codec.w3c.W3CHttpResponseCodec.createException(W3CHttpResponseCodec.java:200)
	at org.openqa.selenium.remote.codec.w3c.W3CHttpResponseCodec.decode(W3CHttpResponseCodec.java:133)
	at org.openqa.selenium.remote.codec.w3c.W3CHttpResponseCodec.decode(W3CHttpResponseCodec.java:53)
	at org.openqa.selenium.remote.HttpCommandExecutor.execute(HttpCommandExecutor.java:184)
	at org.openqa.selenium.remote.service.DriverCommandExecutor.invokeExecute(DriverCommandExecutor.java:167)
	at org.openqa.selenium.remote.service.DriverCommandExecutor.execute(DriverCommandExecutor.java:142)
	at org.openqa.selenium.remote.RemoteWebDriver.execute(RemoteWebDriver.java:541)
	at org.openqa.selenium.remote.ElementLocation$ElementFinder$2.findElement(ElementLocation.java:162)
	at org.openqa.selenium.remote.ElementLocation.findElement(ElementLocation.java:60)
	at org.openqa.selenium.remote.RemoteWebDriver.findElement(RemoteWebDriver.java:365)
	at org.openqa.selenium.remote.RemoteWebDriver.findElement(RemoteWebDriver.java:357)
	at org.openqa.selenium.support.pagefactory.DefaultElementLocator.findElement(DefaultElementLocator.java:70)
	at org.openqa.selenium.support.pagefactory.internal.LocatingElementHandler.invoke(LocatingElementHandler.java:39)
	at com.sun.proxy.$Proxy19.isDisplayed(Unknown Source)
	at Com.Restaurant.PageObject.CategoriesPage.ExpensDisplayed(CategoriesPage.java:46)
	at com.Restaurant.TestCases.VerifyCategoriesTest.VerifyCategories(VerifyCategoriesTest.java:21)
	at sun.reflect.NativeMethodAccessorImpl.invoke0(Native Method)
	at sun.reflect.NativeMethodAccessorImpl.invoke(Unknown Source)
	at sun.reflect.DelegatingMethodAccessorImpl.invoke(Unknown Source)
	at java.lang.reflect.Method.invoke(Unknown Source)
	at org.testng.internal.MethodInvocationHelper.invokeMethod(MethodInvocationHelper.java:133)
	at org.testng.internal.TestInvoker.invokeMethod(TestInvoker.java:598)
	at org.testng.internal.TestInvoker.invokeTestMethod(TestInvoker.java:173)
	at org.testng.internal.MethodRunner.runInSequence(MethodRunner.java:46)
	at org.testng.internal.TestInvoker$MethodInvocationAgent.invoke(TestInvoker.java:824)
	at org.testng.internal.TestInvoker.invokeTestMethods(TestInvoker.java:146)
	at org.testng.internal.TestMethodWorker.invokeTestMethods(TestMethodWorker.java:146)
	at org.testng.internal.TestMethodWorker.run(TestMethodWorker.java:128)
	at java.util.ArrayList.forEach(Unknown Source)
	at org.testng.TestRunner.privateRun(TestRunner.java:794)
	at org.testng.TestRunner.run(TestRunner.java:596)
	at org.testng.SuiteRunner.runTest(SuiteRunner.java:377)
	at org.testng.SuiteRunner.runSequentially(SuiteRunner.java:371)
	at org.testng.SuiteRunner.privateRun(SuiteRunner.java:332)
	at org.testng.SuiteRunner.run(SuiteRunner.java:276)
	at org.testng.SuiteRunnerWorker.runSuite(SuiteRunnerWorker.java:53)
	at org.testng.SuiteRunnerWorker.run(SuiteRunnerWorker.java:96)
	at org.testng.TestNG.runSuitesSequentially(TestNG.java:1212)
	at org.testng.TestNG.runSuitesLocally(TestNG.java:1134)
	at org.testng.TestNG.runSuites(TestNG.java:1063)
	at org.testng.TestNG.run(TestNG.java:1031)
	at org.testng.remote.AbstractRemoteTestNG.run(AbstractRemoteTestNG.java:115)
	at org.testng.remote.RemoteTestNG.initAndRun(RemoteTestNG.java:251)
	at org.testng.remote.RemoteTestNG.main(RemoteTestNG.java:77)
</pre></div></td>
<td>5</td>
<td>com.Restaurant.TestCases.VerifyCategoriesTest@1068e947</td></tr>
<tr>
<td title='com.Restaurant.TestCases.VerifyProductPageTest.addProduct()'><b>addProduct</b><br>Test class: com.Restaurant.TestCases.VerifyProductPageTest</td>
<td><div><pre>java.lang.AssertionError: Search element not found expected [true] but found [false]
	at com.Restaurant.TestCases.VerifyProductPageTest.addProduct(VerifyProductPageTest.java:57)
	at java.util.ArrayList.forEach(Unknown Source)
... Removed 30 stack frames</pre></div><a href='#' onClick='toggleBox("stack-trace303888116", this, "Click to show all stack frames", "Click to hide stack frames")'>Click to show all stack frames</a>
<div class='stack-trace' id='stack-trace303888116'><pre>java.lang.AssertionError: Search element not found expected [true] but found [false]
	at org.testng.Assert.fail(Assert.java:99)
	at org.testng.Assert.failNotEquals(Assert.java:1037)
	at org.testng.Assert.assertTrue(Assert.java:45)
	at com.Restaurant.TestCases.VerifyProductPageTest.addProduct(VerifyProductPageTest.java:57)
	at sun.reflect.NativeMethodAccessorImpl.invoke0(Native Method)
	at sun.reflect.NativeMethodAccessorImpl.invoke(Unknown Source)
	at sun.reflect.DelegatingMethodAccessorImpl.invoke(Unknown Source)
	at java.lang.reflect.Method.invoke(Unknown Source)
	at org.testng.internal.MethodInvocationHelper.invokeMethod(MethodInvocationHelper.java:133)
	at org.testng.internal.TestInvoker.invokeMethod(TestInvoker.java:598)
	at org.testng.internal.TestInvoker.invokeTestMethod(TestInvoker.java:173)
	at org.testng.internal.MethodRunner.runInSequence(MethodRunner.java:46)
	at org.testng.internal.TestInvoker$MethodInvocationAgent.invoke(TestInvoker.java:824)
	at org.testng.internal.TestInvoker.invokeTestMethods(TestInvoker.java:146)
	at org.testng.internal.TestMethodWorker.invokeTestMethods(TestMethodWorker.java:146)
	at org.testng.internal.TestMethodWorker.run(TestMethodWorker.java:128)
	at java.util.ArrayList.forEach(Unknown Source)
	at org.testng.TestRunner.privateRun(TestRunner.java:794)
	at org.testng.TestRunner.run(TestRunner.java:596)
	at org.testng.SuiteRunner.runTest(SuiteRunner.java:377)
	at org.testng.SuiteRunner.runSequentially(SuiteRunner.java:371)
	at org.testng.SuiteRunner.privateRun(SuiteRunner.java:332)
	at org.testng.SuiteRunner.run(SuiteRunner.java:276)
	at org.testng.SuiteRunnerWorker.runSuite(SuiteRunnerWorker.java:53)
	at org.testng.SuiteRunnerWorker.run(SuiteRunnerWorker.java:96)
	at org.testng.TestNG.runSuitesSequentially(TestNG.java:1212)
	at org.testng.TestNG.runSuitesLocally(TestNG.java:1134)
	at org.testng.TestNG.runSuites(TestNG.java:1063)
	at org.testng.TestNG.run(TestNG.java:1031)
	at org.testng.remote.AbstractRemoteTestNG.run(AbstractRemoteTestNG.java:115)
	at org.testng.remote.RemoteTestNG.initAndRun(RemoteTestNG.java:251)
	at org.testng.remote.RemoteTestNG.main(RemoteTestNG.java:77)
</pre></div></td>
<td>28</td>
<td>com.Restaurant.TestCases.VerifyProductPageTest@2f8f5f62</td></tr>
<tr>
<td title='com.Restaurant.TestCases.VeriyReportPageTest.ClickOnNextYear()'><b>ClickOnNextYear</b><br>Test class: com.Restaurant.TestCases.VeriyReportPageTest</td>
<td><div><pre>java.lang.AssertionError: Not ClickOnNextYear expected [true] but found [false]
	at com.Restaurant.TestCases.VeriyReportPageTest.ClickOnNextYear(VeriyReportPageTest.java:66)
	at java.util.ArrayList.forEach(Unknown Source)
... Removed 30 stack frames</pre></div><a href='#' onClick='toggleBox("stack-trace543634584", this, "Click to show all stack frames", "Click to hide stack frames")'>Click to show all stack frames</a>
<div class='stack-trace' id='stack-trace543634584'><pre>java.lang.AssertionError: Not ClickOnNextYear expected [true] but found [false]
	at org.testng.Assert.fail(Assert.java:99)
	at org.testng.Assert.failNotEquals(Assert.java:1037)
	at org.testng.Assert.assertTrue(Assert.java:45)
	at com.Restaurant.TestCases.VeriyReportPageTest.ClickOnNextYear(VeriyReportPageTest.java:66)
	at sun.reflect.NativeMethodAccessorImpl.invoke0(Native Method)
	at sun.reflect.NativeMethodAccessorImpl.invoke(Unknown Source)
	at sun.reflect.DelegatingMethodAccessorImpl.invoke(Unknown Source)
	at java.lang.reflect.Method.invoke(Unknown Source)
	at org.testng.internal.MethodInvocationHelper.invokeMethod(MethodInvocationHelper.java:133)
	at org.testng.internal.TestInvoker.invokeMethod(TestInvoker.java:598)
	at org.testng.internal.TestInvoker.invokeTestMethod(TestInvoker.java:173)
	at org.testng.internal.MethodRunner.runInSequence(MethodRunner.java:46)
	at org.testng.internal.TestInvoker$MethodInvocationAgent.invoke(TestInvoker.java:824)
	at org.testng.internal.TestInvoker.invokeTestMethods(TestInvoker.java:146)
	at org.testng.internal.TestMethodWorker.invokeTestMethods(TestMethodWorker.java:146)
	at org.testng.internal.TestMethodWorker.run(TestMethodWorker.java:128)
	at java.util.ArrayList.forEach(Unknown Source)
	at org.testng.TestRunner.privateRun(TestRunner.java:794)
	at org.testng.TestRunner.run(TestRunner.java:596)
	at org.testng.SuiteRunner.runTest(SuiteRunner.java:377)
	at org.testng.SuiteRunner.runSequentially(SuiteRunner.java:371)
	at org.testng.SuiteRunner.privateRun(SuiteRunner.java:332)
	at org.testng.SuiteRunner.run(SuiteRunner.java:276)
	at org.testng.SuiteRunnerWorker.runSuite(SuiteRunnerWorker.java:53)
	at org.testng.SuiteRunnerWorker.run(SuiteRunnerWorker.java:96)
	at org.testng.TestNG.runSuitesSequentially(TestNG.java:1212)
	at org.testng.TestNG.runSuitesLocally(TestNG.java:1134)
	at org.testng.TestNG.runSuites(TestNG.java:1063)
	at org.testng.TestNG.run(TestNG.java:1031)
	at org.testng.remote.AbstractRemoteTestNG.run(AbstractRemoteTestNG.java:115)
	at org.testng.remote.RemoteTestNG.initAndRun(RemoteTestNG.java:251)
	at org.testng.remote.RemoteTestNG.main(RemoteTestNG.java:77)
</pre></div></td>
<td>9</td>
<td>com.Restaurant.TestCases.VeriyReportPageTest@6483f5ae</td></tr>
</table><p>
<table width='100%' border='1' class='invocation-passed'>
<tr><td colspan='4' align='center'><b>PASSED TESTS</b></td></tr>
<tr><td><b>Test method</b></td>
<td width="30%"><b>Exception</b></td>
<td width="10%"><b>Time (seconds)</b></td>
<td><b>Instance</b></td>
</tr>
<tr>
<td title='com.Restaurant.TestCases.VerifyStoresTest.DeleteStores()'><b>DeleteStores</b><br>Test class: com.Restaurant.TestCases.VerifyStoresTest</td>
<td></td>
<td>15</td>
<td>com.Restaurant.TestCases.VerifyStoresTest@8b87145</td></tr>
<tr>
<td title='com.Restaurant.TestCases.VerifyValidUserLoginTest.VerifyInvalidUserLogin()'><b>VerifyInvalidUserLogin</b><br>Test class: com.Restaurant.TestCases.VerifyValidUserLoginTest<br>Parameters: uname, password</td>
<td></td>
<td>0</td>
<td>com.Restaurant.TestCases.VerifyValidUserLoginTest@b9afc07</td></tr>
<tr>
<td title='com.Restaurant.TestCases.VerifyPeopleTest.SearchWaiters()'><b>SearchWaiters</b><br>Test class: com.Restaurant.TestCases.VerifyPeopleTest</td>
<td></td>
<td>6</td>
<td>com.Restaurant.TestCases.VerifyPeopleTest@5a4041cc</td></tr>
<tr>
<td title='com.Restaurant.TestCases.VerifyValidUserLoginTest.VerifyInvalidUserLogin()'><b>VerifyInvalidUserLogin</b><br>Test class: com.Restaurant.TestCases.VerifyValidUserLoginTest<br>Parameters: uname, pword</td>
<td></td>
<td>0</td>
<td>com.Restaurant.TestCases.VerifyValidUserLoginTest@b9afc07</td></tr>
<tr>
<td title='com.Restaurant.TestCases.VerifyProductPageTest.VerifyProduct()'><b>VerifyProduct</b><br>Test class: com.Restaurant.TestCases.VerifyProductPageTest</td>
<td></td>
<td>16</td>
<td>com.Restaurant.TestCases.VerifyProductPageTest@2f8f5f62</td></tr>
<tr>
<td title='com.Restaurant.TestCases.VerifyPeopleTest.DeleteSuppliers()'><b>DeleteSuppliers</b><br>Test class: com.Restaurant.TestCases.VerifyPeopleTest</td>
<td></td>
<td>12</td>
<td>com.Restaurant.TestCases.VerifyPeopleTest@5a4041cc</td></tr>
<tr>
<td title='com.Restaurant.TestCases.VerifyPeopleTest.DeleteWaiters()'><b>DeleteWaiters</b><br>Test class: com.Restaurant.TestCases.VerifyPeopleTest</td>
<td></td>
<td>11</td>
<td>com.Restaurant.TestCases.VerifyPeopleTest@5a4041cc</td></tr>
<tr>
<td title='com.Restaurant.TestCases.VeriyReportPageTest.VerifyReportStoreStat()'><b>VerifyReportStoreStat</b><br>Test class: com.Restaurant.TestCases.VeriyReportPageTest</td>
<td></td>
<td>10</td>
<td>com.Restaurant.TestCases.VeriyReportPageTest@6483f5ae</td></tr>
<tr>
<td title='com.Restaurant.TestCases.VerifyPeopleTest.VerifyPeople()'><b>VerifyPeople</b><br>Test class: com.Restaurant.TestCases.VerifyPeopleTest</td>
<td></td>
<td>6</td>
<td>com.Restaurant.TestCases.VerifyPeopleTest@5a4041cc</td></tr>
<tr>
<td title='com.Restaurant.TestCases.VerifyPeopleTest.SearchSuppliers()'><b>SearchSuppliers</b><br>Test class: com.Restaurant.TestCases.VerifyPeopleTest</td>
<td></td>
<td>13</td>
<td>com.Restaurant.TestCases.VerifyPeopleTest@5a4041cc</td></tr>
<tr>
<td title='com.Restaurant.TestCases.VerifyValidUserLoginTest.VerifyInvalidUserLogin()'><b>VerifyInvalidUserLogin</b><br>Test class: com.Restaurant.TestCases.VerifyValidUserLoginTest<br>Parameters: Admin, pasword</td>
<td></td>
<td>0</td>
<td>com.Restaurant.TestCases.VerifyValidUserLoginTest@b9afc07</td></tr>
<tr>
<td title='com.Restaurant.TestCases.VerifyPeopleTest.AddCustomers()'><b>AddCustomers</b><br>Test class: com.Restaurant.TestCases.VerifyPeopleTest</td>
<td></td>
<td>11</td>
<td>com.Restaurant.TestCases.VerifyPeopleTest@5a4041cc</td></tr>
<tr>
<td title='com.Restaurant.TestCases.VerifyPeopleTest.AddSupplier()'><b>AddSupplier</b><br>Test class: com.Restaurant.TestCases.VerifyPeopleTest</td>
<td></td>
<td>11</td>
<td>com.Restaurant.TestCases.VerifyPeopleTest@5a4041cc</td></tr>
<tr>
<td title='com.Restaurant.TestCases.VerifyProductPageTest.deleteProduct()'><b>deleteProduct</b><br>Test class: com.Restaurant.TestCases.VerifyProductPageTest</td>
<td></td>
<td>32</td>
<td>com.Restaurant.TestCases.VerifyProductPageTest@2f8f5f62</td></tr>
<tr>
<td title='com.Restaurant.TestCases.VerifyStoresTest.addStores()'><b>addStores</b><br>Test class: com.Restaurant.TestCases.VerifyStoresTest</td>
<td></td>
<td>15</td>
<td>com.Restaurant.TestCases.VerifyStoresTest@8b87145</td></tr>
<tr>
<td title='com.Restaurant.TestCases.VerifyStoresTest.EditStores()'><b>EditStores</b><br>Test class: com.Restaurant.TestCases.VerifyStoresTest</td>
<td></td>
<td>13</td>
<td>com.Restaurant.TestCases.VerifyStoresTest@8b87145</td></tr>
<tr>
<td title='com.Restaurant.TestCases.VerifyPeopleTest.SearchCustomers()'><b>SearchCustomers</b><br>Test class: com.Restaurant.TestCases.VerifyPeopleTest</td>
<td></td>
<td>7</td>
<td>com.Restaurant.TestCases.VerifyPeopleTest@5a4041cc</td></tr>
<tr>
<td title='com.Restaurant.TestCases.VerifyProductPageTest.VerifySelectEachElements()'><b>VerifySelectEachElements</b><br>Test class: com.Restaurant.TestCases.VerifyProductPageTest</td>
<td></td>
<td>20</td>
<td>com.Restaurant.TestCases.VerifyProductPageTest@2f8f5f62</td></tr>
<tr>
<td title='com.Restaurant.TestCases.VerifyPeopleTest.DeleteCustomers()'><b>DeleteCustomers</b><br>Test class: com.Restaurant.TestCases.VerifyPeopleTest</td>
<td></td>
<td>10</td>
<td>com.Restaurant.TestCases.VerifyPeopleTest@5a4041cc</td></tr>
<tr>
<td title='com.Restaurant.TestCases.VerifyValidUserLoginTest.VerifyUserLogin()'><b>VerifyUserLogin</b><br>Test class: com.Restaurant.TestCases.VerifyValidUserLoginTest</td>
<td></td>
<td>6</td>
<td>com.Restaurant.TestCases.VerifyValidUserLoginTest@b9afc07</td></tr>
<tr>
<td title='com.Restaurant.TestCases.VeriyReportPageTest.VerifyReportPageClientStat()'><b>VerifyReportPageClientStat</b><br>Test class: com.Restaurant.TestCases.VeriyReportPageTest</td>
<td></td>
<td>11</td>
<td>com.Restaurant.TestCases.VeriyReportPageTest@6483f5ae</td></tr>
<tr>
<td title='com.Restaurant.TestCases.VerifyProductPageTest.selectSupplier()'><b>selectSupplier</b><br>Test class: com.Restaurant.TestCases.VerifyProductPageTest</td>
<td></td>
<td>35</td>
<td>com.Restaurant.TestCases.VerifyProductPageTest@2f8f5f62</td></tr>
<tr>
<td title='com.Restaurant.TestCases.VerifyEachLanguageTest.SelectFrance()'><b>SelectFrance</b><br>Test class: com.Restaurant.TestCases.VerifyEachLanguageTest</td>
<td></td>
<td>14</td>
<td>com.Restaurant.TestCases.VerifyEachLanguageTest@5fcd892a</td></tr>
<tr>
<td title='com.Restaurant.TestCases.VerifyEachLanguageTest.SelectPortuguese()'><b>SelectPortuguese</b><br>Test class: com.Restaurant.TestCases.VerifyEachLanguageTest</td>
<td></td>
<td>12</td>
<td>com.Restaurant.TestCases.VerifyEachLanguageTest@5fcd892a</td></tr>
<tr>
<td title='com.Restaurant.TestCases.VeriyReportPageTest.VerifyReportPage()'><b>VerifyReportPage</b><br>Test class: com.Restaurant.TestCases.VeriyReportPageTest</td>
<td></td>
<td>9</td>
<td>com.Restaurant.TestCases.VeriyReportPageTest@6483f5ae</td></tr>
<tr>
<td title='com.Restaurant.TestCases.VerifyProductPageTest.EditProduct()'><b>EditProduct</b><br>Test class: com.Restaurant.TestCases.VerifyProductPageTest</td>
<td></td>
<td>46</td>
<td>com.Restaurant.TestCases.VerifyProductPageTest@2f8f5f62</td></tr>
<tr>
<td title='com.Restaurant.TestCases.VerifyPeopleTest.AddWaiters()'><b>AddWaiters</b><br>Test class: com.Restaurant.TestCases.VerifyPeopleTest</td>
<td></td>
<td>10</td>
<td>com.Restaurant.TestCases.VerifyPeopleTest@5a4041cc</td></tr>
<tr>
<td title='com.Restaurant.TestCases.VeriyReportPageTest.VerifyReportProductStat()'><b>VerifyReportProductStat</b><br>Test class: com.Restaurant.TestCases.VeriyReportPageTest</td>
<td></td>
<td>10</td>
<td>com.Restaurant.TestCases.VeriyReportPageTest@6483f5ae</td></tr>
</table><p>
</body>
</html>